<?xml version="1.0" encoding="utf-8"?><testsuites name="pytest tests"><testsuite name="pytest" errors="0" failures="0" skipped="0" tests="19" time="3.268" timestamp="2026-02-21T18:50:26.473480+00:00" hostname="agent-env-133498c3-6aae-4de7-864f-5b40d863d164"><testcase classname="backend.tests.test_v2_ecommerce.TestHealthCheck" name="test_health_endpoint" time="0.196" /><testcase classname="backend.tests.test_v2_ecommerce.TestCategoriesV2" name="test_categories_tree_endpoint" time="0.120" /><testcase classname="backend.tests.test_v2_ecommerce.TestCatalogV2" name="test_catalog_basic" time="0.171" /><testcase classname="backend.tests.test_v2_ecommerce.TestCatalogV2" name="test_catalog_price_filter" time="0.149" /><testcase classname="backend.tests.test_v2_ecommerce.TestCatalogV2" name="test_catalog_in_stock_filter" time="0.118" /><testcase classname="backend.tests.test_v2_ecommerce.TestCatalogV2" name="test_catalog_sorting_popular" time="0.131" /><testcase classname="backend.tests.test_v2_ecommerce.TestCatalogV2" name="test_catalog_sorting_price_asc" time="0.125" /><testcase classname="backend.tests.test_v2_ecommerce.TestCatalogV2" name="test_catalog_pagination" time="0.232" /><testcase classname="backend.tests.test_v2_ecommerce.TestCatalogV2" name="test_catalog_filters_endpoint" time="0.140" /><testcase classname="backend.tests.test_v2_ecommerce.TestSearchV2" name="test_search_suggest_endpoint" time="0.136" /><testcase classname="backend.tests.test_v2_ecommerce.TestSearchV2" name="test_search_full_endpoint" time="0.109" /><testcase classname="backend.tests.test_v2_ecommerce.TestAuthLogin" name="test_login_with_valid_credentials" time="0.373" /><testcase classname="backend.tests.test_v2_ecommerce.TestAuthLogin" name="test_login_with_invalid_credentials" time="0.113" /><testcase classname="backend.tests.test_v2_ecommerce.TestAuthLogin" name="test_auth_me_unauthenticated" time="0.115" /><testcase classname="backend.tests.test_v2_ecommerce.TestProductsV2" name="test_get_products_list" time="0.125" /><testcase classname="backend.tests.test_v2_ecommerce.TestProductsV2" name="test_get_product_by_id" time="0.279" /><testcase classname="backend.tests.test_v2_ecommerce.TestProductsV2" name="test_related_products" time="0.267" /><testcase classname="backend.tests.test_v2_ecommerce.TestCartAPI" name="test_cart_requires_auth" time="0.113" /><testcase classname="backend.tests.test_v2_ecommerce.TestCartAPI" name="test_add_to_cart_requires_auth" time="0.114" /></testsuite></testsuites>