<?xml version="1.0" encoding="utf-8"?><testsuites name="pytest tests"><testsuite name="pytest" errors="0" failures="4" skipped="0" tests="17" time="2.281" timestamp="2026-02-21T21:26:21.991380+00:00" hostname="agent-env-8334d36d-b122-4977-bc09-172a7ebdb58a"><testcase classname="backend.tests.test_cabinet_v2.TestCabinetOTP" name="test_otp_request_invalid_phone" time="0.175" /><testcase classname="backend.tests.test_cabinet_v2.TestCabinetOTP" name="test_otp_request_no_orders" time="0.114" /><testcase classname="backend.tests.test_cabinet_v2.TestCabinetOTP" name="test_otp_verify_no_otp_exists" time="0.140" /><testcase classname="backend.tests.test_cabinet_v2.TestCabinetOTP" name="test_otp_verify_wrong_code" time="0.122" /><testcase classname="backend.tests.test_cabinet_v2.TestCabinetGuestAPI" name="test_guest_orders_unauthorized" time="0.103" /><testcase classname="backend.tests.test_cabinet_v2.TestCabinetGuestAPI" name="test_guest_orders_invalid_token" time="0.118" /><testcase classname="backend.tests.test_cabinet_v2.TestCabinetGuestAPI" name="test_guest_order_detail_unauthorized" time="0.133" /><testcase classname="backend.tests.test_cabinet_v2.TestCabinetAuthenticatedAPI" name="test_cabinet_profile_unauthorized" time="0.125" /><testcase classname="backend.tests.test_cabinet_v2.TestCabinetAuthenticatedAPI" name="test_cabinet_orders_unauthorized" time="0.130" /><testcase classname="backend.tests.test_cabinet_v2.TestCabinetAuthenticatedAPI" name="test_cabinet_wishlist_unauthorized" time="0.196" /><testcase classname="backend.tests.test_cabinet_v2.TestProductAPI" name="test_get_product_by_id" time="0.111" /><testcase classname="backend.tests.test_cabinet_v2.TestProductAPI" name="test_get_product_reviews" time="0.123" /><testcase classname="backend.tests.test_cabinet_v2.TestProductAPI" name="test_list_products" time="0.110" /><testcase classname="backend.tests.test_cabinet_v2.TestOrderCreateAPI" name="test_create_order_missing_fields" time="0.118"><failure message="AssertionError: Expected 400/422, got 405&#10;assert 405 in [400, 422]&#10; +  where 405 = &lt;Response [405]&gt;.status_code">backend/tests/test_cabinet_v2.py:149: in test_create_order_missing_fields
    assert response.status_code in [400, 422], f"Expected 400/422, got {response.status_code}"
E   AssertionError: Expected 400/422, got 405
E   assert 405 in [400, 422]
E    +  where 405 = &lt;Response [405]&gt;.status_code</failure></testcase><testcase classname="backend.tests.test_cabinet_v2.TestOrderCreateAPI" name="test_create_order_invalid_items" time="0.103"><failure message="AssertionError: Expected 400/422, got 405&#10;assert 405 in [400, 422]&#10; +  where 405 = &lt;Response [405]&gt;.status_code">backend/tests/test_cabinet_v2.py:171: in test_create_order_invalid_items
    assert response.status_code in [400, 422], f"Expected 400/422, got {response.status_code}"
E   AssertionError: Expected 400/422, got 405
E   assert 405 in [400, 422]
E    +  where 405 = &lt;Response [405]&gt;.status_code</failure></testcase><testcase classname="backend.tests.test_cabinet_v2.TestNovaPoshtaAPI" name="test_search_cities" time="0.107"><failure message="AssertionError: Expected 200, got 404&#10;assert 404 == 200&#10; +  where 404 = &lt;Response [404]&gt;.status_code">backend/tests/test_cabinet_v2.py:182: in test_search_cities
    assert response.status_code == 200, f"Expected 200, got {response.status_code}"
E   AssertionError: Expected 200, got 404
E   assert 404 == 200
E    +  where 404 = &lt;Response [404]&gt;.status_code</failure></testcase><testcase classname="backend.tests.test_cabinet_v2.TestNovaPoshtaAPI" name="test_get_warehouses" time="0.167"><failure message="AssertionError: Expected 200 or 400, got 404&#10;assert 404 in [200, 400]&#10; +  where 404 = &lt;Response [404]&gt;.status_code">backend/tests/test_cabinet_v2.py:189: in test_get_warehouses
    assert response.status_code in [200, 400], f"Expected 200 or 400, got {response.status_code}"
E   AssertionError: Expected 200 or 400, got 404
E   assert 404 in [200, 400]
E    +  where 404 = &lt;Response [404]&gt;.status_code</failure></testcase></testsuite></testsuites>