<?xml version="1.0" encoding="utf-8"?><testsuites name="pytest tests"><testsuite name="pytest" errors="0" failures="0" skipped="0" tests="23" time="9.956" timestamp="2026-02-21T19:24:03.667579+00:00" hostname="agent-env-133498c3-6aae-4de7-864f-5b40d863d164"><testcase classname="tests.test_tracking_refunds_v2.TestAPIBasics" name="test_health_check" time="0.284" /><testcase classname="tests.test_tracking_refunds_v2.TestAPIBasics" name="test_login_test_user" time="0.380" /><testcase classname="tests.test_tracking_refunds_v2.TestAPIBasics" name="test_login_admin_user" time="0.386" /><testcase classname="tests.test_tracking_refunds_v2.TestOrderTrackingAPI" name="test_get_tracking_with_test_order" time="1.301" /><testcase classname="tests.test_tracking_refunds_v2.TestOrderTrackingAPI" name="test_get_tracking_not_found" time="0.119" /><testcase classname="tests.test_tracking_refunds_v2.TestOrderTrackingAPI" name="test_get_tracking_requires_auth" time="0.951" /><testcase classname="tests.test_tracking_refunds_v2.TestOrderTimelineAPI" name="test_get_timeline_with_test_order" time="0.121" /><testcase classname="tests.test_tracking_refunds_v2.TestOrderTimelineAPI" name="test_get_timeline_not_found" time="0.119" /><testcase classname="tests.test_tracking_refunds_v2.TestRefreshTrackingAPI" name="test_refresh_tracking_requires_auth" time="0.112" /><testcase classname="tests.test_tracking_refunds_v2.TestRefreshTrackingAPI" name="test_refresh_tracking_with_auth" time="0.928" /><testcase classname="tests.test_tracking_refunds_v2.TestRefundsAPI" name="test_get_my_refunds" time="0.127" /><testcase classname="tests.test_tracking_refunds_v2.TestRefundsAPI" name="test_get_my_refunds_requires_auth" time="0.159" /><testcase classname="tests.test_tracking_refunds_v2.TestRefundsAPI" name="test_request_refund_requires_auth" time="0.125" /><testcase classname="tests.test_tracking_refunds_v2.TestRefundsAPI" name="test_request_refund_invalid_order_status" time="1.064" /><testcase classname="tests.test_tracking_refunds_v2.TestRefundsAdminAPI" name="test_get_pending_refunds" time="0.488" /><testcase classname="tests.test_tracking_refunds_v2.TestRefundsAdminAPI" name="test_get_pending_refunds_requires_admin" time="0.117" /><testcase classname="tests.test_tracking_refunds_v2.TestRefundsAdminAPI" name="test_approve_refund_not_found" time="0.125" /><testcase classname="tests.test_tracking_refunds_v2.TestRefundsAdminAPI" name="test_approve_refund_bad_status" time="0.127" /><testcase classname="tests.test_tracking_refunds_v2.TestStatusTransitions" name="test_create_order_for_transition_test" time="0.595" /><testcase classname="tests.test_tracking_refunds_v2.TestStatusTransitions" name="test_allowed_transitions_structure" time="0.277" /><testcase classname="tests.test_tracking_refunds_v2.TestOrderStatusService" name="test_transition_map_documented" time="0.000" /><testcase classname="tests.test_tracking_refunds_v2.TestTrackingIntegration" name="test_tracking_and_timeline_consistent" time="1.045" /><testcase classname="tests.test_tracking_refunds_v2.TestNovaPoshtaIntegration" name="test_np_fetch_returns_null_for_fake_ttn" time="0.897" /></testsuite></testsuites>